1668095988944	geckodriver	INFO	Listening on 127.0.0.1:49917
1668095992038	mozrunner::runner	INFO	Running command: "C:\\Program Files\\Mozilla Firefox\\firefox.exe" "--marionette" "-foreground" "-no-remote" "-profile" "C:\\Users\\pc\\AppData\\Local\\Temp\\rust_mozprofilemu1tId"
1668095993181	Marionette	INFO	Marionette enabled
1668095993190	Marionette	INFO	Listening on port 49925
1668095993986	RemoteAgent	WARN	TLS certificate errors will be ignored for this session
console.warn: SearchSettings: "get: No settings file exists, new profile?" (new NotFoundError("Could not open the file at C:\\Users\\pc\\AppData\\Local\\Temp\\rust_mozprofilemu1tId\\search.json.mozlz4", (void 0)))
JavaScript warning: https://static.xx.fbcdn.net/rsrc.php/v3iX3c4/yN/l/en_GB/cdEpUf-uGdg.js?_nc_x=Ij3Wp8lg5Kz, line 20: WEBGL_debug_renderer_info is deprecated in Firefox and will be removed. Please use RENDERER.
console.warn: LoginRecipes: "Falling back to a synchronous message for: https://www.facebook.com."
console.warn: LoginRecipes: "Falling back to a synchronous message for: https://www.facebook.com."
JavaScript warning: https://static.xx.fbcdn.net/rsrc.php/v3i72i4/y6/l/makehaste_jhash/GmT1bDPZjN5.js?_nc_x=rS8xsYDw6Yt, line 151: WEBGL_debug_renderer_info is deprecated in Firefox and will be removed. Please use RENDERER.
console.warn: LoginRecipes: "Falling back to a synchronous message for: https://www.facebook.com."
console.warn: LoginRecipes: "Falling back to a synchronous message for: https://www.facebook.com."
1668096031266	Marionette	WARN	Ignoring event 'pageshow' because document has an invalid readyState of 'uninitialized'.
1668096043895	Marionette	INFO	Stopped listening on port 49925
[Parent 13160, IPC I/O Parent] WARNING: DuplicateHandle failed for handle 0 in TransferHandles: file /builds/worker/checkouts/gecko/ipc/chromium/src/chrome/common/ipc_channel_win.cc:723
1730135413970	geckodriver	INFO	Listening on 127.0.0.1:65036
1730135417111	mozrunner::runner	INFO	Running command: "C:\\Program Files\\Mozilla Firefox\\firefox.exe" "--marionette" "-foreground" "-no-remote" "-profile" "C:\\Users\\pc\\AppData\\Local\\Temp\\rust_mozprofileom4LsJ"
console.warn: services.settings: Ignoring preference override of remote settings server
console.warn: services.settings: Allow by setting MOZ_REMOTE_SETTINGS_DEVTOOLS=1 in the environment
1730135418516	Marionette	INFO	Marionette enabled
Dynamically enable window occlusion 0
console.error: "Warning: unrecognized command line flag" "-foreground"
1730135418798	Marionette	INFO	Listening on port 65048
1730135419237	RemoteAgent	WARN	TLS certificate errors will be ignored for this session
1730135434316	Marionette	INFO	Stopped listening on port 65048
Dynamically enable window occlusion 1
1730135530262	geckodriver	INFO	Listening on 127.0.0.1:65129
1730135533338	mozrunner::runner	INFO	Running command: "C:\\Program Files\\Mozilla Firefox\\firefox.exe" "--marionette" "-foreground" "-no-remote" "-profile" "C:\\Users\\pc\\AppData\\Local\\Temp\\rust_mozprofile3Bxc1h"
console.warn: services.settings: Ignoring preference override of remote settings server
console.warn: services.settings: Allow by setting MOZ_REMOTE_SETTINGS_DEVTOOLS=1 in the environment
1730135534922	Marionette	INFO	Marionette enabled
Dynamically enable window occlusion 0
console.error: "Warning: unrecognized command line flag" "-foreground"
1730135535240	Marionette	INFO	Listening on port 65139
1730135535633	RemoteAgent	WARN	TLS certificate errors will be ignored for this session
1730135545222	Marionette	INFO	Stopped listening on port 65139
Dynamically enable window occlusion 1
1730136315426	geckodriver	INFO	Listening on 127.0.0.1:65534
1730136318466	mozrunner::runner	INFO	Running command: "C:\\Program Files\\Mozilla Firefox\\firefox.exe" "--marionette" "-foreground" "-no-remote" "-profile" "C:\\Users\\pc\\AppData\\Local\\Temp\\rust_mozprofileFCK3eW"
console.warn: services.settings: Ignoring preference override of remote settings server
console.warn: services.settings: Allow by setting MOZ_REMOTE_SETTINGS_DEVTOOLS=1 in the environment
1730136319790	Marionette	INFO	Marionette enabled
Dynamically enable window occlusion 0
console.error: "Warning: unrecognized command line flag" "-foreground"
1730136320007	Marionette	INFO	Listening on port 49164
1730136320158	RemoteAgent	WARN	TLS certificate errors will be ignored for this session
1730136338539	Marionette	INFO	Stopped listening on port 49164
Dynamically enable window occlusion 1
1730208440928	geckodriver	INFO	Listening on 127.0.0.1:57131
1730208443943	mozrunner::runner	INFO	Running command: "C:\\Program Files\\Mozilla Firefox\\firefox.exe" "--marionette" "-foreground" "-no-remote" "-profile" "C:\\Users\\pc\\AppData\\Local\\Temp\\rust_mozprofileis5lK6"
console.warn: services.settings: Ignoring preference override of remote settings server
console.warn: services.settings: Allow by setting MOZ_REMOTE_SETTINGS_DEVTOOLS=1 in the environment
1730208445349	Marionette	INFO	Marionette enabled
Dynamically enable window occlusion 0
console.error: "Warning: unrecognized command line flag" "-foreground"
1730208445608	Marionette	INFO	Listening on port 57142
1730208446020	RemoteAgent	WARN	TLS certificate errors will be ignored for this session
1730208468587	Marionette	INFO	Stopped listening on port 57142
Dynamically enable window occlusion 1
